<?xml version="1.0" encoding="UTF-8"?>
<!-- Generated by org.testng.reporters.JUnitReportReporter -->
<testsuite hostname="LTIN206337" failures="0" tests="2" name="testCases.TC_002_UpcomingBike" time="83.254" errors="0" timestamp="2024-02-15T16:33:45 IST" skipped="0">
  <testcase classname="testCases.TC_002_UpcomingBike" name="verifyNewBike" time="37.843"/>
  <system-out/>
  <testcase classname="testCases.TC_002_UpcomingBike" name="verifyUpcomingBike" time="45.411"/>
  <system-out/>
</testsuite> <!-- testCases.TC_002_UpcomingBike -->
