<?xml version="1.0" encoding="UTF-8"?>
<!-- Generated by org.testng.reporters.JUnitReportReporter -->
<testsuite hostname="LTIN206337" failures="0" tests="1" name="testCases.TC_004_LoginPage" time="8.490" errors="0" timestamp="2024-02-02T09:49:44 IST" skipped="0">
  <testcase classname="testCases.TC_004_LoginPage" name="verifyLoginPage" time="8.490"/>
  <system-out/>
</testsuite> <!-- testCases.TC_004_LoginPage -->
