<?xml version="1.0" encoding="UTF-8"?>
<!-- Generated by org.testng.reporters.JUnitReportReporter -->
<testsuite hostname="LTIN206337" failures="0" tests="1" name="testCases.TC_003_UsedCar" time="40.616" errors="0" timestamp="2024-02-12T12:40:16 IST" skipped="0">
  <testcase classname="testCases.TC_003_UsedCar" name="verifyUsedBike" time="40.616"/>
</testsuite> <!-- testCases.TC_003_UsedCar -->
