<?xml version="1.0" encoding="UTF-8"?>
<!-- Generated by org.testng.reporters.JUnitReportReporter -->
<testsuite hostname="LTIN206337" failures="0" tests="2" name="testCases.TC_002_UpcomingBike" time="89.454" errors="0" timestamp="2024-02-12T12:40:16 IST" skipped="0">
  <testcase classname="testCases.TC_002_UpcomingBike" name="verifyNewBike" time="38.214"/>
  <testcase classname="testCases.TC_002_UpcomingBike" name="verifyUpcomingBike" time="51.240"/>
</testsuite> <!-- testCases.TC_002_UpcomingBike -->
