<?xml version="1.0" encoding="UTF-8"?>
<!-- Generated by org.testng.reporters.JUnitReportReporter -->
<testsuite hostname="LTIN206337" failures="0" tests="1" name="testCases.TC_001_HomePage" time="0.741" errors="0" timestamp="2024-02-12T12:40:16 IST" skipped="0">
  <testcase classname="testCases.TC_001_HomePage" name="verifyTitle" time="0.741"/>
</testsuite> <!-- testCases.TC_001_HomePage -->
