<?xml version="1.0" encoding="UTF-8"?>
<!-- Generated by org.testng.reporters.JUnitReportReporter -->
<testsuite hostname="LTIN206337" failures="0" tests="1" name="testCases.TC_005_LoginPage" time="9.813" errors="0" timestamp="2024-02-12T12:40:15 IST" skipped="0">
  <testcase classname="testCases.TC_005_LoginPage" name="verifyLoginPage" time="9.813"/>
</testsuite> <!-- testCases.TC_005_LoginPage -->
